#-----------------------------------------------------------
# Vivado v2018.1 (64-bit)
# SW Build 2188600 on Wed Apr  4 18:40:38 MDT 2018
# IP Build 2185939 on Wed Apr  4 20:55:05 MDT 2018
# Start of session at: Fri Sep 21 00:04:49 2018
# Process ID: 6224
# Current directory: E:/vendor/project_vendor
# Command line: vivado.exe -gui_launcher_event rodinguilauncherevent10372 E:\vendor\project_vendor\project_vendor.xpr
# Log file: E:/vendor/project_vendor/vivado.log
# Journal file: E:/vendor/project_vendor\vivado.jou
#-----------------------------------------------------------
start_gui
open_project E:/vendor/project_vendor/project_vendor.xpr
Scanning sources...
Finished scanning sources
INFO: [IP_Flow 19-234] Refreshing IP repositories
INFO: [IP_Flow 19-1704] No user IP repositories specified
INFO: [IP_Flow 19-2313] Loaded Vivado IP repository 'E:/vivado/Vivado/2018.1/data/ip'.
open_project: Time (s): cpu = 00:00:23 ; elapsed = 00:00:41 . Memory (MB): peak = 821.996 ; gain = 110.523
update_compile_order -fileset sources_1
exit
INFO: [Common 17-206] Exiting Vivado at Fri Sep 21 00:06:31 2018...
